Thu Jan 27 02:18:40 2022       
+-----------------------------------------------------------------------------+
| NVIDIA-SMI 495.29.05    Driver Version: 495.29.05    CUDA Version: 11.5     |
|-------------------------------+----------------------+----------------------+
| GPU  Name        Persistence-M| Bus-Id        Disp.A | Volatile Uncorr. ECC |
| Fan  Temp  Perf  Pwr:Usage/Cap|         Memory-Usage | GPU-Util  Compute M. |
|                               |                      |               MIG M. |
|===============================+======================+======================|
|   0  Tesla P100-PCIE...  Off  | 00000000:06:00.0 Off |                    0 |
| N/A   31C    P0    27W / 250W |      0MiB / 16280MiB |      0%      Default |
|                               |                      |                  N/A |
+-------------------------------+----------------------+----------------------+
|   1  Tesla P100-PCIE...  Off  | 00000000:86:00.0 Off |                    0 |
| N/A   30C    P0    28W / 250W |      0MiB / 16280MiB |      2%      Default |
|                               |                      |                  N/A |
+-------------------------------+----------------------+----------------------+
                                                                               
+-----------------------------------------------------------------------------+
| Processes:                                                                  |
|  GPU   GI   CI        PID   Type   Process name                  GPU Memory |
|        ID   ID                                                   Usage      |
|=============================================================================|
|  No running processes found                                                 |
+-----------------------------------------------------------------------------+
nvcc: NVIDIA (R) Cuda compiler driver
Copyright (c) 2005-2020 NVIDIA Corporation
Built on Tue_Sep_15_19:10:02_PDT_2020
Cuda compilation tools, release 11.1, V11.1.74
Build cuda_11.1.TC455_06.29069683_0
My torch test
Running on host gpu03.bc4.acrc.priv
Time is Thu Jan 27 02:18:44 GMT 2022
Directory is /user/home/ak18001/code/colloidoscope
Slurm job ID is 10008742
This jobs runs on the following machines:
gpu03
------------num available devices: 2
Current cuda device  0
https://app.neptune.ai/wahabk/Colloidoscope/e/COL-156
/tmp/slurmd/job10008742/slurm_script: line 54: 19310 Bus error               $application $options
